<?xml version="1.0" encoding="UTF-8"?>
<!-- Generated by org.testng.reporters.JUnitReportReporter -->
<testsuite hostname="DESKTOP-QKHE2PN" failures="0" tests="1" name="com.sevenrmartsupermarket.tests.DashBoardTest" time="6.794" errors="0" timestamp="2024-11-27T07:39:10 IST" skipped="0">
  <testcase classname="com.sevenrmartsupermarket.tests.DashBoardTest" name="verifyAdminMoreInfoClick" time="6.794"/>
</testsuite> <!-- com.sevenrmartsupermarket.tests.DashBoardTest -->
