<?xml version="1.0" encoding="UTF-8"?>
<!-- Generated by org.testng.reporters.JUnitReportReporter -->
<testsuite hostname="DESKTOP-QKHE2PN" failures="0" tests="1" name="com.sevenrmartsupermarket.tests.AdminUserTest" time="4.444" errors="0" timestamp="2024-11-28T21:25:30 IST" skipped="0">
  <testcase classname="com.sevenrmartsupermarket.tests.AdminUserTest" name="verifySearchUser" time="4.444"/>
</testsuite> <!-- com.sevenrmartsupermarket.tests.AdminUserTest -->
