<?xml version="1.0" encoding="UTF-8"?>
<!-- Generated by org.testng.reporters.JUnitReportReporter -->
<testsuite hostname="DESKTOP-QKHE2PN" failures="0" tests="1" name="com.sevenrmartsupermarket.tests.ManageContactTest" time="12.221" errors="0" timestamp="2024-12-17T06:45:23 IST" skipped="0">
  <testcase classname="com.sevenrmartsupermarket.tests.ManageContactTest" name="verifyEditEntriesUsingDataProviders" time="12.221"/>
</testsuite> <!-- com.sevenrmartsupermarket.tests.ManageContactTest -->
