<?xml version="1.0" encoding="UTF-8"?>
<!-- Generated by org.testng.reporters.JUnitReportReporter -->
<testsuite hostname="DESKTOP-QKHE2PN" failures="0" tests="1" name="com.sevenrmartsupermarket.tests.DashBoardTest" time="5.687" errors="0" timestamp="2024-12-17T07:00:46 IST" skipped="0">
  <testcase classname="com.sevenrmartsupermarket.tests.DashBoardTest" name="verifyLogoutUserButton" time="5.687"/>
</testsuite> <!-- com.sevenrmartsupermarket.tests.DashBoardTest -->
