<?xml version="1.0" encoding="UTF-8"?>
<!-- Generated by org.testng.reporters.JUnitReportReporter -->
<testsuite hostname="DESKTOP-QKHE2PN" failures="0" tests="1" name="com.sevenrmartsupermarket.tests.AdminUserTest" time="6.303" errors="0" timestamp="2024-11-25T23:52:18 IST" skipped="0">
  <testcase classname="com.sevenrmartsupermarket.tests.AdminUserTest" name="verifyClickNewUser" time="6.303"/>
</testsuite> <!-- com.sevenrmartsupermarket.tests.AdminUserTest -->
