<?xml version="1.0" encoding="UTF-8"?>
<!-- Generated by org.testng.reporters.JUnitReportReporter -->
<testsuite hostname="DESKTOP-QKHE2PN" failures="0" tests="1" name="com.sevenrmartsupermarket.tests.AdminUserTest" time="6.351" errors="0" timestamp="2024-12-17T07:58:37 IST" skipped="0">
  <testcase classname="com.sevenrmartsupermarket.tests.AdminUserTest" name="verifyActiveInactiveBtn" time="6.351"/>
</testsuite> <!-- com.sevenrmartsupermarket.tests.AdminUserTest -->
