<?xml version="1.0" encoding="UTF-8"?>
<!-- Generated by org.testng.reporters.JUnitReportReporter -->
<testsuite hostname="DESKTOP-QKHE2PN" failures="0" tests="1" name="com.sevenrmartsupermarket.tests.AdminUserTest" time="7.138" errors="0" timestamp="2024-12-02T07:00:47 IST" skipped="0">
  <testcase classname="com.sevenrmartsupermarket.tests.AdminUserTest" name="verifyActiveInactiveBtn" time="7.138"/>
</testsuite> <!-- com.sevenrmartsupermarket.tests.AdminUserTest -->
