<?xml version="1.0" encoding="UTF-8"?>
<!-- Generated by org.testng.reporters.JUnitReportReporter -->
<testsuite hostname="DESKTOP-QKHE2PN" failures="0" tests="2" name="com.sevenrmartsupermarket.tests.DashBoardTest" time="8.465" errors="0" timestamp="2024-11-29T07:22:34 IST" skipped="0">
  <testcase classname="com.sevenrmartsupermarket.tests.DashBoardTest" name="verifyAllCategory" time="2.834"/>
  <testcase classname="com.sevenrmartsupermarket.tests.DashBoardTest" name="verifyAdminMoreInfoClick" time="5.631"/>
</testsuite> <!-- com.sevenrmartsupermarket.tests.DashBoardTest -->
