<?xml version="1.0" encoding="UTF-8"?>
<!-- Generated by org.testng.reporters.JUnitReportReporter -->
<testsuite hostname="DESKTOP-QKHE2PN" failures="0" tests="2" name="com.sevenrmartsupermarket.tests.DashBoardTest" time="10.945" errors="0" timestamp="2024-11-28T07:16:05 IST" skipped="0">
  <testcase classname="com.sevenrmartsupermarket.tests.DashBoardTest" name="verifyAllCategory" time="3.315"/>
  <testcase classname="com.sevenrmartsupermarket.tests.DashBoardTest" name="verifyAdminMoreInfoClick" time="7.630"/>
</testsuite> <!-- com.sevenrmartsupermarket.tests.DashBoardTest -->
